<?xml version="1.0" encoding="UTF-8"?>
<testsuite name="sample.SampleTestsAndroid" tests="1" skipped="0" failures="0" errors="0" timestamp="2019-07-14T20:40:00" hostname="eduardo-MS-7851" time="0.001">
  <properties/>
  <testcase name="testHello" classname="sample.SampleTestsAndroid" time="0.001"/>
  <system-out><![CDATA[]]></system-out>
  <system-err><![CDATA[]]></system-err>
</testsuite>
